AppMovil/app/build/intermediates/manifest_merge_blame_file/debug/manifest-merger-blame-debug-report.txt
1<?xml version="1.0" encoding="utf-8"?>
2<manifest xmlns:android="http://schemas.android.com/apk/res/android"
3    package="com.example.mecatec"
4    android:versionCode="1"
5    android:versionName="1.0" >
6
7    <uses-sdk
8        android:minSdkVersion="21"
8-->src\main\AndroidManifest.xml
9        android:targetSdkVersion="32" />
9-->src\main\AndroidManifest.xml
10
11    <uses-permission android:name="android.permission.INTERNET" />
11-->src\main\AndroidManifest.xml:5:5-66
11-->src\main\AndroidManifest.xml:5:22-64
12    <uses-permission android:name="android.permission.ACCESS_NETWORK_STATE" />
12-->src\main\AndroidManifest.xml:6:5-79
12-->src\main\AndroidManifest.xml:6:22-76
13    <uses-permission android:name="android.permission.WRITE_EXTERNAL_STORAGE" />
13-->src\main\AndroidManifest.xml:7:5-81
13-->src\main\AndroidManifest.xml:7:22-78
14    <uses-permission android:name="android.permission.READ_EXTERNAL_STORAGE" />
14-->src\main\AndroidManifest.xml:8:5-80
14-->src\main\AndroidManifest.xml:8:22-77
15
16    <application
16-->src\main\AndroidManifest.xml:10:5-41:19
17        android:allowBackup="true"
17-->src\main\AndroidManifest.xml:11:9-35
18        android:appComponentFactory="androidx.core.app.CoreComponentFactory"
18-->[androidx.core:core:1.7.0] AndroidManifest.xml:24:18-86
19        android:dataExtractionRules="@xml/data_extraction_rules"
19-->src\main\AndroidManifest.xml:12:9-65
20        android:debuggable="true"
21        android:fullBackupContent="@xml/backup_rules"
21-->src\main\AndroidManifest.xml:13:9-54
22        android:icon="@mipmap/ic_launcher"
22-->src\main\AndroidManifest.xml:14:9-43
23        android:label="@string/app_name"
23-->src\main\AndroidManifest.xml:15:9-41
24        android:roundIcon="@mipmap/ic_launcher_round"
24-->src\main\AndroidManifest.xml:16:9-54
25        android:supportsRtl="true"
25-->src\main\AndroidManifest.xml:17:9-35
26        android:testOnly="true"
27        android:theme="@style/Theme.MecaTEC" >
27-->src\main\AndroidManifest.xml:18:9-45
28        <activity
28-->src\main\AndroidManifest.xml:21:9-33:20
29            android:name="com.example.mecatec.Funciones.Inicio"
29-->src\main\AndroidManifest.xml:22:13-45
30            android:exported="true" >
30-->src\main\AndroidManifest.xml:23:13-36
31            <intent-filter>
31-->src\main\AndroidManifest.xml:24:13-28:29
32                <action android:name="android.intent.action.MAIN" />
32-->src\main\AndroidManifest.xml:25:17-69
32-->src\main\AndroidManifest.xml:25:25-66
33
34                <category android:name="android.intent.category.LAUNCHER" />
34-->src\main\AndroidManifest.xml:27:17-77
34-->src\main\AndroidManifest.xml:27:27-74
35            </intent-filter>
36
37            <meta-data
37-->src\main\AndroidManifest.xml:30:13-32:36
38                android:name="android.app.lib_name"
38-->src\main\AndroidManifest.xml:31:17-52
39                android:value="" />
39-->src\main\AndroidManifest.xml:32:17-33
40        </activity>
41        <activity android:name="com.example.mecatec.Funciones.Login" />
41-->src\main\AndroidManifest.xml:34:9-52
41-->src\main\AndroidManifest.xml:34:19-50
42        <activity android:name="com.example.mecatec.Funciones.Clientes" />
42-->src\main\AndroidManifest.xml:35:9-56
42-->src\main\AndroidManifest.xml:35:19-53
43        <activity android:name="com.example.mecatec.Funciones.Facturacion" />
43-->src\main\AndroidManifest.xml:36:9-59
43-->src\main\AndroidManifest.xml:36:19-56
44        <activity android:name="com.example.mecatec.Funciones.Menu" />
44-->src\main\AndroidManifest.xml:37:9-51
44-->src\main\AndroidManifest.xml:37:19-49
45        <activity android:name="com.example.mecatec.Funciones.RegistroCitas" />
45-->src\main\AndroidManifest.xml:38:9-61
45-->src\main\AndroidManifest.xml:38:19-58
46        <activity android:name="com.example.mecatec.Funciones.RegistroUsuario" />
46-->src\main\AndroidManifest.xml:39:9-62
46-->src\main\AndroidManifest.xml:39:19-60
47        <activity android:name="com.example.mecatec.Funciones.Trabajadores" />
47-->src\main\AndroidManifest.xml:40:9-59
47-->src\main\AndroidManifest.xml:40:19-57
48
49        <provider
49-->[com.squareup.picasso:picasso:2.71828] AndroidManifest.xml:8:9-11:40
50            android:name="com.squareup.picasso.PicassoProvider"
50-->[com.squareup.picasso:picasso:2.71828] AndroidManifest.xml:9:13-64
51            android:authorities="com.example.mecatec.com.squareup.picasso"
51-->[com.squareup.picasso:picasso:2.71828] AndroidManifest.xml:10:13-72
52            android:exported="false" />
52-->[com.squareup.picasso:picasso:2.71828] AndroidManifest.xml:11:13-37
53        <provider
53-->[androidx.emoji2:emoji2:1.0.0] AndroidManifest.xml:26:9-34:20
54            android:name="androidx.startup.InitializationProvider"
54-->[androidx.emoji2:emoji2:1.0.0] AndroidManifest.xml:27:13-67
55            android:authorities="com.example.mecatec.androidx-startup"
55-->[androidx.emoji2:emoji2:1.0.0] AndroidManifest.xml:28:13-68
56            android:exported="false" >
56-->[androidx.emoji2:emoji2:1.0.0] AndroidManifest.xml:29:13-37
57            <meta-data
57-->[androidx.emoji2:emoji2:1.0.0] AndroidManifest.xml:31:13-33:52
58                android:name="androidx.emoji2.text.EmojiCompatInitializer"
58-->[androidx.emoji2:emoji2:1.0.0] AndroidManifest.xml:32:17-75
59                android:value="androidx.startup" />
59-->[androidx.emoji2:emoji2:1.0.0] AndroidManifest.xml:33:17-49
60            <meta-data
60-->[androidx.lifecycle:lifecycle-process:2.4.0] AndroidManifest.xml:31:13-33:52
61                android:name="androidx.lifecycle.ProcessLifecycleInitializer"
61-->[androidx.lifecycle:lifecycle-process:2.4.0] AndroidManifest.xml:32:17-78
62                android:value="androidx.startup" />
62-->[androidx.lifecycle:lifecycle-process:2.4.0] AndroidManifest.xml:33:17-49
63        </provider>
64    </application>
65
66</manifest>